<?xml version="1.0" encoding="UTF-8"?>
<!-- Generated by org.testng.reporters.JUnitReportReporter -->
<testsuite hostname="Home" failures="0" tests="2" name="qaclickacademy.SeleniumTest" time="0.008" errors="0" timestamp="2020-07-22T08:46:08 IST" skipped="0">
  <testcase classname="qaclickacademy.SeleniumTest" name="browserautomation1" time="0.004"/>
  <system-out/>
  <testcase classname="qaclickacademy.SeleniumTest" name="browserautomation" time="0.004"/>
  <system-out/>
</testsuite> <!-- qaclickacademy.SeleniumTest -->
