<?xml version="1.0" encoding="UTF-8"?>
<!-- Generated by org.testng.reporters.JUnitReportReporter -->
<testsuite hostname="Home" failures="0" tests="2" name="qaclickacademy.SeleniumTest" time="0.002" errors="0" timestamp="22 Jul 2020 03:41:56 GMT">
  <testcase classname="qaclickacademy.SeleniumTest" name="browserautomation" time="0.001"/>
  <testcase classname="qaclickacademy.SeleniumTest" name="browserautomation1" time="0.001"/>
</testsuite> <!-- qaclickacademy.SeleniumTest -->
