<?xml version="1.0" encoding="UTF-8"?>
<!-- Generated by org.testng.reporters.JUnitReportReporter -->
<testsuite hostname="Home" failures="0" tests="2" name="qaclickacademy.RestAPITest" time="0.001" errors="0" timestamp="22 Jul 2020 03:41:12 GMT">
  <testcase classname="qaclickacademy.RestAPITest" name="browserautomation1" time="0.001"/>
  <testcase classname="qaclickacademy.RestAPITest" name="browserautomation" time="0.000"/>
</testsuite> <!-- qaclickacademy.RestAPITest -->
